Watching for file changes with StatReloader
Performing system checks...

System check identified some issues:

WARNINGS:
todos.Todo: (models.W042) Auto-created primary key used when not defining a primary key type, by default 'django.db.models.AutoField'.
	HINT: Configure the DEFAULT_AUTO_FIELD setting or the TodosConfig.default_auto_field attribute to point to a subclass of AutoField, e.g. 'django.db.models.BigAutoField'.

System check identified 1 issue (0 silenced).
March 06, 2023 - 20:00:00
Django version 4.1.7, using settings 'todoApp.settings'
Starting development server at http://0.0.0.0:8000/
Quit the server with CONTROL-C.
Watching for file changes with StatReloader
Performing system checks...

System check identified some issues:

WARNINGS:
todos.Todo: (models.W042) Auto-created primary key used when not defining a primary key type, by default 'django.db.models.AutoField'.
	HINT: Configure the DEFAULT_AUTO_FIELD setting or the TodosConfig.default_auto_field attribute to point to a subclass of AutoField, e.g. 'django.db.models.BigAutoField'.

System check identified 1 issue (0 silenced).
March 06, 2023 - 20:00:26
Django version 4.1.7, using settings 'todoApp.settings'
Starting development server at http://0.0.0.0:8000/
Quit the server with CONTROL-C.
[06/Mar/2023 20:00:44] "GET /todos/ HTTP/1.1" 200 4709
[06/Mar/2023 20:00:47] "GET /todos/ HTTP/1.1" 200 4709
[06/Mar/2023 20:00:48] "GET /todos/ HTTP/1.1" 200 4709
[06/Mar/2023 20:01:29] "GET /todos/ HTTP/1.1" 200 4709
[06/Mar/2023 20:01:31] "GET /todos/ HTTP/1.1" 200 4709
[06/Mar/2023 20:01:32] "GET /todos/ HTTP/1.1" 200 4709
